2016-09-13 00:04:22.1881 ERROR System.ArgumentNullException: Value cannot be null.
Parameter name: source
   at System.Linq.Queryable.Where[TSource](IQueryable`1 source, Expression`1 predicate)
   at CTDT.Service.ChungTuService.GetByFilter(String key, String maChungTu, Int32 maLoaiChungTu, String donViBanHanh, Int32 trangThai, Int32 start, Int32 limit) in d:\workspace_backup\others\QT_CTDT\CTDT_API\HSKR.Service\ChungTuService.cs:line 47
   at CTDT.WebApi.Controllers.ChungTuApiController.GetByFilter(String key, String maChungTu, Int32 maLoaiChungTu, String donViBanHanh, Int32 trangThai, Int32 start, Int32 limit) in d:\workspace_backup\others\QT_CTDT\CTDT_API\HSKR.WebApi\Controllers\ChungTuApiController.cs:line 29 
2016-09-13 00:59:20.6650 ERROR System.ArgumentNullException: Value cannot be null.
Parameter name: source
   at System.Linq.Queryable.Where[TSource](IQueryable`1 source, Expression`1 predicate)
   at CTDT.Service.ChungTuService.GetByFilter(String key, String maChungTu, Int32 maLoaiChungTu, String donViBanHanh, Int32 trangThai, Int32 start, Int32 limit) in C:\Users\QUOCTRINH\Desktop\Git_Namtt\CTDT_API\HSKR.Service\ChungTuService.cs:line 47
   at CTDT.WebApi.Controllers.ChungTuApiController.GetByFilter(String key, String maChungTu, Int32 maLoaiChungTu, String donViBanHanh, Int32 trangThai, Int32 start, Int32 limit) in C:\Users\QUOCTRINH\Desktop\Git_Namtt\CTDT_API\HSKR.WebApi\Controllers\ChungTuApiController.cs:line 31 
2016-09-13 00:59:21.2345 ERROR System.ArgumentNullException: Value cannot be null.
Parameter name: source
   at System.Linq.Queryable.Where[TSource](IQueryable`1 source, Expression`1 predicate)
   at CTDT.Service.ChungTuService.GetByFilter(String key, String maChungTu, Int32 maLoaiChungTu, String donViBanHanh, Int32 trangThai, Int32 start, Int32 limit) in C:\Users\QUOCTRINH\Desktop\Git_Namtt\CTDT_API\HSKR.Service\ChungTuService.cs:line 47
   at CTDT.WebApi.Controllers.ChungTuApiController.GetByFilter(String key, String maChungTu, Int32 maLoaiChungTu, String donViBanHanh, Int32 trangThai, Int32 start, Int32 limit) in C:\Users\QUOCTRINH\Desktop\Git_Namtt\CTDT_API\HSKR.WebApi\Controllers\ChungTuApiController.cs:line 31 
2016-09-13 00:59:21.4095 ERROR System.ArgumentNullException: Value cannot be null.
Parameter name: source
   at System.Linq.Queryable.Where[TSource](IQueryable`1 source, Expression`1 predicate)
   at CTDT.Service.ChungTuService.GetByFilter(String key, String maChungTu, Int32 maLoaiChungTu, String donViBanHanh, Int32 trangThai, Int32 start, Int32 limit) in C:\Users\QUOCTRINH\Desktop\Git_Namtt\CTDT_API\HSKR.Service\ChungTuService.cs:line 47
   at CTDT.WebApi.Controllers.ChungTuApiController.GetByFilter(String key, String maChungTu, Int32 maLoaiChungTu, String donViBanHanh, Int32 trangThai, Int32 start, Int32 limit) in C:\Users\QUOCTRINH\Desktop\Git_Namtt\CTDT_API\HSKR.WebApi\Controllers\ChungTuApiController.cs:line 31 
2016-09-13 00:59:21.6150 ERROR System.ArgumentNullException: Value cannot be null.
Parameter name: source
   at System.Linq.Queryable.Where[TSource](IQueryable`1 source, Expression`1 predicate)
   at CTDT.Service.ChungTuService.GetByFilter(String key, String maChungTu, Int32 maLoaiChungTu, String donViBanHanh, Int32 trangThai, Int32 start, Int32 limit) in C:\Users\QUOCTRINH\Desktop\Git_Namtt\CTDT_API\HSKR.Service\ChungTuService.cs:line 47
   at CTDT.WebApi.Controllers.ChungTuApiController.GetByFilter(String key, String maChungTu, Int32 maLoaiChungTu, String donViBanHanh, Int32 trangThai, Int32 start, Int32 limit) in C:\Users\QUOCTRINH\Desktop\Git_Namtt\CTDT_API\HSKR.WebApi\Controllers\ChungTuApiController.cs:line 31 
2016-09-13 00:59:21.7910 ERROR System.ArgumentNullException: Value cannot be null.
Parameter name: source
   at System.Linq.Queryable.Where[TSource](IQueryable`1 source, Expression`1 predicate)
   at CTDT.Service.ChungTuService.GetByFilter(String key, String maChungTu, Int32 maLoaiChungTu, String donViBanHanh, Int32 trangThai, Int32 start, Int32 limit) in C:\Users\QUOCTRINH\Desktop\Git_Namtt\CTDT_API\HSKR.Service\ChungTuService.cs:line 47
   at CTDT.WebApi.Controllers.ChungTuApiController.GetByFilter(String key, String maChungTu, Int32 maLoaiChungTu, String donViBanHanh, Int32 trangThai, Int32 start, Int32 limit) in C:\Users\QUOCTRINH\Desktop\Git_Namtt\CTDT_API\HSKR.WebApi\Controllers\ChungTuApiController.cs:line 31 
2016-09-13 01:06:56.1839 ERROR System.ArgumentNullException: Value cannot be null.
Parameter name: source
   at System.Linq.Queryable.Where[TSource](IQueryable`1 source, Expression`1 predicate)
   at CTDT.Service.ChungTuService.GetByFilter(String key, String maChungTu, Int32 maLoaiChungTu, String donViBanHanh, Int32 trangThai, Int32 start, Int32 limit) in C:\Users\QUOCTRINH\Desktop\Git_Namtt\CTDT_API\HSKR.Service\ChungTuService.cs:line 47
   at CTDT.WebApi.Controllers.ChungTuApiController.GetByFilter(String key, String maChungTu, Int32 maLoaiChungTu, String donViBanHanh, Int32 trangThai, Int32 start, Int32 limit) in C:\Users\QUOCTRINH\Desktop\Git_Namtt\CTDT_API\HSKR.WebApi\Controllers\ChungTuApiController.cs:line 31 
2016-09-13 01:09:37.7092 ERROR System.ArgumentNullException: Value cannot be null.
Parameter name: source
   at System.Linq.Queryable.Where[TSource](IQueryable`1 source, Expression`1 predicate)
   at CTDT.Service.ChungTuService.GetByFilter(String key, String maChungTu, Int32 maLoaiChungTu, String donViBanHanh, Int32 trangThai, Int32 start, Int32 limit) in C:\Users\QUOCTRINH\Desktop\Git_Namtt\CTDT_API\HSKR.Service\ChungTuService.cs:line 47
   at CTDT.WebApi.Controllers.ChungTuApiController.GetByFilter(String key, String maChungTu, Int32 maLoaiChungTu, String donViBanHanh, Int32 trangThai, Int32 start, Int32 limit) in C:\Users\QUOCTRINH\Desktop\Git_Namtt\CTDT_API\HSKR.WebApi\Controllers\ChungTuApiController.cs:line 31 
2016-09-13 01:12:06.0267 ERROR System.ArgumentNullException: Value cannot be null.
Parameter name: source
   at System.Linq.Queryable.Where[TSource](IQueryable`1 source, Expression`1 predicate)
   at CTDT.Service.ChungTuService.GetByFilter(String key, String maChungTu, Int32 maLoaiChungTu, String donViBanHanh, Int32 trangThai, Int32 start, Int32 limit) in C:\Users\QUOCTRINH\Desktop\Git_Namtt\CTDT_API\HSKR.Service\ChungTuService.cs:line 47
   at CTDT.WebApi.Controllers.ChungTuApiController.GetByFilter(String key, String maChungTu, Int32 maLoaiChungTu, String donViBanHanh, Int32 trangThai, Int32 start, Int32 limit) in C:\Users\QUOCTRINH\Desktop\Git_Namtt\CTDT_API\HSKR.WebApi\Controllers\ChungTuApiController.cs:line 31 
2016-09-13 01:12:07.7181 ERROR System.ArgumentNullException: Value cannot be null.
Parameter name: source
   at System.Linq.Queryable.Where[TSource](IQueryable`1 source, Expression`1 predicate)
   at CTDT.Service.ChungTuService.GetByFilter(String key, String maChungTu, Int32 maLoaiChungTu, String donViBanHanh, Int32 trangThai, Int32 start, Int32 limit) in C:\Users\QUOCTRINH\Desktop\Git_Namtt\CTDT_API\HSKR.Service\ChungTuService.cs:line 47
   at CTDT.WebApi.Controllers.ChungTuApiController.GetByFilter(String key, String maChungTu, Int32 maLoaiChungTu, String donViBanHanh, Int32 trangThai, Int32 start, Int32 limit) in C:\Users\QUOCTRINH\Desktop\Git_Namtt\CTDT_API\HSKR.WebApi\Controllers\ChungTuApiController.cs:line 31 
2016-09-13 01:12:30.4430 ERROR System.ArgumentNullException: Value cannot be null.
Parameter name: source
   at System.Linq.Queryable.Where[TSource](IQueryable`1 source, Expression`1 predicate)
   at CTDT.Service.ChungTuService.GetByFilter(String key, String maChungTu, Int32 maLoaiChungTu, String donViBanHanh, Int32 trangThai, Int32 start, Int32 limit) in C:\Users\QUOCTRINH\Desktop\Git_Namtt\CTDT_API\HSKR.Service\ChungTuService.cs:line 47
   at CTDT.WebApi.Controllers.ChungTuApiController.GetByFilter(String key, String maChungTu, Int32 maLoaiChungTu, String donViBanHanh, Int32 trangThai, Int32 start, Int32 limit) in C:\Users\QUOCTRINH\Desktop\Git_Namtt\CTDT_API\HSKR.WebApi\Controllers\ChungTuApiController.cs:line 31 
2016-09-13 01:40:19.3134 ERROR System.ArgumentNullException: Value cannot be null.
Parameter name: source
   at System.Linq.Queryable.Where[TSource](IQueryable`1 source, Expression`1 predicate)
   at CTDT.Service.ChungTuService.GetByFilter(String key, String maChungTu, Int32 maLoaiChungTu, String donViBanHanh, Int32 trangThai, Int32 start, Int32 limit) in C:\Users\QUOCTRINH\Desktop\Git_Namtt\CTDT_API\HSKR.Service\ChungTuService.cs:line 47
   at CTDT.WebApi.Controllers.ChungTuApiController.GetByFilter(String key, String maChungTu, Int32 maLoaiChungTu, String donViBanHanh, Int32 trangThai, Int32 start, Int32 limit) in C:\Users\QUOCTRINH\Desktop\Git_Namtt\CTDT_API\HSKR.WebApi\Controllers\ChungTuApiController.cs:line 31 
2016-09-13 01:40:28.5889 ERROR System.ArgumentNullException: Value cannot be null.
Parameter name: source
   at System.Linq.Queryable.Where[TSource](IQueryable`1 source, Expression`1 predicate)
   at CTDT.Service.ChungTuService.GetByFilter(String key, String maChungTu, Int32 maLoaiChungTu, String donViBanHanh, Int32 trangThai, Int32 start, Int32 limit) in C:\Users\QUOCTRINH\Desktop\Git_Namtt\CTDT_API\HSKR.Service\ChungTuService.cs:line 47
   at CTDT.WebApi.Controllers.ChungTuApiController.GetByFilter(String key, String maChungTu, Int32 maLoaiChungTu, String donViBanHanh, Int32 trangThai, Int32 start, Int32 limit) in C:\Users\QUOCTRINH\Desktop\Git_Namtt\CTDT_API\HSKR.WebApi\Controllers\ChungTuApiController.cs:line 31 
2016-09-13 01:40:37.4052 ERROR System.ArgumentNullException: Value cannot be null.
Parameter name: source
   at System.Linq.Queryable.Where[TSource](IQueryable`1 source, Expression`1 predicate)
   at CTDT.Service.ChungTuService.GetByFilter(String key, String maChungTu, Int32 maLoaiChungTu, String donViBanHanh, Int32 trangThai, Int32 start, Int32 limit) in C:\Users\QUOCTRINH\Desktop\Git_Namtt\CTDT_API\HSKR.Service\ChungTuService.cs:line 47
   at CTDT.WebApi.Controllers.ChungTuApiController.GetByFilter(String key, String maChungTu, Int32 maLoaiChungTu, String donViBanHanh, Int32 trangThai, Int32 start, Int32 limit) in C:\Users\QUOCTRINH\Desktop\Git_Namtt\CTDT_API\HSKR.WebApi\Controllers\ChungTuApiController.cs:line 31 
2016-09-13 10:27:54.2344 TRACE domain:  
2016-09-13 10:27:54.2529 ERROR System.NullReferenceException: Object reference not set to an instance of an object.
   at CTDT.WebApi.Controllers.ChungTuApiController.Create() in C:\Users\QUOCTRINH\Desktop\Git_Namtt\CTDT_API\HSKR.WebApi\Controllers\ChungTuApiController.cs:line 71 
